<?xml version="1.0" encoding="UTF-8"?>
<testng-results skipped="0" failed="0" ignored="0" total="1" passed="1">
  <reporter-output>
  </reporter-output>
  <suite name="Command line suite" duration-ms="34" started-at="2021-10-10T11:55:36 IST" finished-at="2021-10-10T11:55:36 IST">
    <groups>
    </groups>
    <test name="Command line test" duration-ms="34" started-at="2021-10-10T11:55:36 IST" finished-at="2021-10-10T11:55:36 IST">
      <class name="LearnMaven.L_Maven1.AppTest">
        <test-method status="PASS" signature="testApp()[pri:0, instance:testApp(LearnMaven.L_Maven1.AppTest)]" name="testApp" duration-ms="2" started-at="2021-10-10T11:55:36 IST" finished-at="2021-10-10T11:55:36 IST">
          <reporter-output>
          </reporter-output>
        </test-method> <!-- testApp -->
      </class> <!-- LearnMaven.L_Maven1.AppTest -->
    </test> <!-- Command line test -->
  </suite> <!-- Command line suite -->
</testng-results>
