<?xml version="1.0" encoding="UTF-8"?>
<!-- Generated by org.testng.reporters.JUnitXMLReporter -->
<testsuite hostname="DESKTOP-OKIH8JM" name="Test" tests="10" failures="0" timestamp="13 Oct 2021 15:19:18 GMT" time="1.252" errors="0">
  <testcase name="KTest" time="0.639" classname="LearnMaven.L_Maven1.KsTest"/>
  <testcase name="method7" time="0.019" classname="LearnMaven.L_Maven1.Test3"/>
  <testcase name="method8" time="0.0" classname="LearnMaven.L_Maven1.Test3"/>
  <testcase name="method9" time="0.0" classname="LearnMaven.L_Maven1.Test3"/>
  <testcase name="method4" time="0.016" classname="LearnMaven.L_Maven1.Test2"/>
  <testcase name="method5" time="0.0" classname="LearnMaven.L_Maven1.Test2"/>
  <testcase name="method6" time="0.0" classname="LearnMaven.L_Maven1.Test2"/>
  <testcase name="method1Test" time="0.002" classname="LearnMaven.L_Maven1.Test1"/>
  <testcase name="method2" time="0.01" classname="LearnMaven.L_Maven1.Test1"/>
  <testcase name="method3" time="0.008" classname="LearnMaven.L_Maven1.Test1"/>
</testsuite> <!-- Test -->
