<?xml version="1.0" encoding="UTF-8"?>
<!-- Generated by org.testng.reporters.JUnitXMLReporter -->
<testsuite hostname="DESKTOP-OKIH8JM" ignored="0" name="Surefire test" tests="6" failures="0" timestamp="2021-10-10T12:56:52 IST" time="0.082" errors="0">
  <testcase name="method1" time="0.007" classname="LearnMaven.L_Maven1.Test1"/>
  <testcase name="method2" time="0.001" classname="LearnMaven.L_Maven1.Test1"/>
  <testcase name="method3" time="0.0" classname="LearnMaven.L_Maven1.Test1"/>
  <testcase name="method4" time="0.001" classname="LearnMaven.L_Maven1.Test2"/>
  <testcase name="method5" time="0.001" classname="LearnMaven.L_Maven1.Test2"/>
  <testcase name="method6" time="0.001" classname="LearnMaven.L_Maven1.Test2"/>
</testsuite> <!-- Surefire test -->
