<?xml version="1.0" encoding="UTF-8"?>
<!-- Generated by org.testng.reporters.JUnitXMLReporter -->
<testsuite hostname="DESKTOP-OKIH8JM" name="Default test" tests="1" failures="0" timestamp="13 Oct 2021 15:15:08 GMT" time="0.291" errors="0">
  <testcase name="@BeforeTest config" time="0.0" classname="LearnMaven.L_Maven1.KsTest">
    <failure type="java.lang.NoSuchFieldError" message="VERSION_2_3_30">
      <![CDATA[java.lang.NoSuchFieldError: VERSION_2_3_30
	at com.aventstack.extentreports.reporter.AbstractFileReporter.loadTemplateModel(AbstractFileReporter.java:54)
	at com.aventstack.extentreports.reporter.ExtentSparkReporter.start(ExtentSparkReporter.java:136)
	at com.aventstack.extentreports.reporter.ExtentSparkReporter.access$000(ExtentSparkReporter.java:27)
	at com.aventstack.extentreports.reporter.ExtentSparkReporter$1.onSubscribe(ExtentSparkReporter.java:116)
	at io.reactivex.rxjava3.subjects.PublishSubject.subscribeActual(PublishSubject.java:133)
	at io.reactivex.rxjava3.core.Observable.subscribe(Observable.java:13099)
	at com.aventstack.extentreports.ReactiveSubject.attachReporter(ReactiveSubject.java:38)
	at com.aventstack.extentreports.ExtentReports.attachReporter(ExtentReports.java:66)
	at LearnMaven.L_Maven1.KsTest.config(KsTest.java:24)
	at sun.reflect.NativeMethodAccessorImpl.invoke0(Native Method)
	at sun.reflect.NativeMethodAccessorImpl.invoke(NativeMethodAccessorImpl.java:62)
	at sun.reflect.DelegatingMethodAccessorImpl.invoke(DelegatingMethodAccessorImpl.java:43)
	at java.lang.reflect.Method.invoke(Method.java:498)
	at org.testng.internal.MethodInvocationHelper.invokeMethod(MethodInvocationHelper.java:80)
	at org.testng.internal.Invoker.invokeConfigurationMethod(Invoker.java:551)
	at org.testng.internal.Invoker.invokeConfigurations(Invoker.java:213)
	at org.testng.internal.Invoker.invokeConfigurations(Invoker.java:138)
	at org.testng.TestRunner.beforeRun(TestRunner.java:637)
	at org.testng.TestRunner.run(TestRunner.java:605)
	at org.testng.SuiteRunner.runTest(SuiteRunner.java:334)
	at org.testng.SuiteRunner.runSequentially(SuiteRunner.java:329)
	at org.testng.SuiteRunner.privateRun(SuiteRunner.java:291)
	at org.testng.SuiteRunner.run(SuiteRunner.java:240)
	at org.testng.SuiteRunnerWorker.runSuite(SuiteRunnerWorker.java:53)
	at org.testng.SuiteRunnerWorker.run(SuiteRunnerWorker.java:87)
	at org.testng.TestNG.runSuitesSequentially(TestNG.java:1170)
	at org.testng.TestNG.runSuitesLocally(TestNG.java:1095)
	at org.testng.TestNG.run(TestNG.java:1007)
	at org.testng.remote.AbstractRemoteTestNG.run(AbstractRemoteTestNG.java:132)
	at org.testng.remote.RemoteTestNG.initAndRun(RemoteTestNG.java:236)
	at org.testng.remote.RemoteTestNG.main(RemoteTestNG.java:81)
]]>
    </failure>
  </testcase> <!-- @BeforeTest config -->
  <testcase name="KTest" time="0.015" classname="LearnMaven.L_Maven1.KsTest">
    <skipped/>
  </testcase> <!-- KTest -->
</testsuite> <!-- Default test -->
