<?xml version="1.0" encoding="UTF-8"?>
<testng-results skipped="0" failed="0" ignored="0" total="9" passed="9">
  <reporter-output>
  </reporter-output>
  <suite name="Command line suite" duration-ms="165" started-at="2021-10-10T11:55:35 IST" finished-at="2021-10-10T11:55:35 IST">
    <groups>
    </groups>
    <test name="Command line test" duration-ms="165" started-at="2021-10-10T11:55:35 IST" finished-at="2021-10-10T11:55:35 IST">
      <class name="LearnMaven.L_Maven1.Test1">
        <test-method status="PASS" signature="method1()[pri:0, instance:LearnMaven.L_Maven1.Test1@370736d9]" name="method1" duration-ms="41" started-at="2021-10-10T11:55:35 IST" finished-at="2021-10-10T11:55:35 IST">
          <reporter-output>
          </reporter-output>
        </test-method> <!-- method1 -->
        <test-method status="PASS" signature="method2()[pri:0, instance:LearnMaven.L_Maven1.Test1@370736d9]" name="method2" duration-ms="1" started-at="2021-10-10T11:55:35 IST" finished-at="2021-10-10T11:55:35 IST">
          <reporter-output>
          </reporter-output>
        </test-method> <!-- method2 -->
        <test-method status="PASS" signature="method3()[pri:0, instance:LearnMaven.L_Maven1.Test1@370736d9]" name="method3" duration-ms="0" started-at="2021-10-10T11:55:35 IST" finished-at="2021-10-10T11:55:35 IST">
          <reporter-output>
          </reporter-output>
        </test-method> <!-- method3 -->
      </class> <!-- LearnMaven.L_Maven1.Test1 -->
      <class name="LearnMaven.L_Maven1.Test2">
        <test-method status="PASS" signature="method1()[pri:0, instance:LearnMaven.L_Maven1.Test2@eec5a4a]" name="method1" duration-ms="1" started-at="2021-10-10T11:55:35 IST" finished-at="2021-10-10T11:55:35 IST">
          <reporter-output>
          </reporter-output>
        </test-method> <!-- method1 -->
        <test-method status="PASS" signature="method2()[pri:0, instance:LearnMaven.L_Maven1.Test2@eec5a4a]" name="method2" duration-ms="1" started-at="2021-10-10T11:55:35 IST" finished-at="2021-10-10T11:55:35 IST">
          <reporter-output>
          </reporter-output>
        </test-method> <!-- method2 -->
        <test-method status="PASS" signature="method3()[pri:0, instance:LearnMaven.L_Maven1.Test2@eec5a4a]" name="method3" duration-ms="0" started-at="2021-10-10T11:55:35 IST" finished-at="2021-10-10T11:55:35 IST">
          <reporter-output>
          </reporter-output>
        </test-method> <!-- method3 -->
      </class> <!-- LearnMaven.L_Maven1.Test2 -->
      <class name="LearnMaven.L_Maven1.Test3">
        <test-method status="PASS" signature="method7()[pri:0, instance:LearnMaven.L_Maven1.Test3@6ddf90b0]" name="method7" duration-ms="0" started-at="2021-10-10T11:55:35 IST" finished-at="2021-10-10T11:55:35 IST">
          <reporter-output>
          </reporter-output>
        </test-method> <!-- method7 -->
        <test-method status="PASS" signature="method8()[pri:0, instance:LearnMaven.L_Maven1.Test3@6ddf90b0]" name="method8" duration-ms="1" started-at="2021-10-10T11:55:35 IST" finished-at="2021-10-10T11:55:35 IST">
          <reporter-output>
          </reporter-output>
        </test-method> <!-- method8 -->
        <test-method status="PASS" signature="method9()[pri:0, instance:LearnMaven.L_Maven1.Test3@6ddf90b0]" name="method9" duration-ms="0" started-at="2021-10-10T11:55:35 IST" finished-at="2021-10-10T11:55:35 IST">
          <reporter-output>
          </reporter-output>
        </test-method> <!-- method9 -->
      </class> <!-- LearnMaven.L_Maven1.Test3 -->
    </test> <!-- Command line test -->
  </suite> <!-- Command line suite -->
</testng-results>
