<?xml version="1.0" encoding="UTF-8"?>
<!-- Generated by org.testng.reporters.JUnitXMLReporter -->
<testsuite hostname="DESKTOP-OKIH8JM" ignored="0" name="Test" tests="10" failures="0" timestamp="13 Oct 2021 15:02:01 GMT" time="0.354" errors="0">
  <testcase name="KTest" time="0.116" classname="LearnMaven.L_Maven1.KsTest"/>
  <testcase name="method7" time="0.0" classname="LearnMaven.L_Maven1.Test3"/>
  <testcase name="method8" time="0.0" classname="LearnMaven.L_Maven1.Test3"/>
  <testcase name="method9" time="0.0" classname="LearnMaven.L_Maven1.Test3"/>
  <testcase name="method4" time="0.0" classname="LearnMaven.L_Maven1.Test2"/>
  <testcase name="method5" time="0.0" classname="LearnMaven.L_Maven1.Test2"/>
  <testcase name="method6" time="0.0" classname="LearnMaven.L_Maven1.Test2"/>
  <testcase name="method1Test" time="0.0" classname="LearnMaven.L_Maven1.Test1"/>
  <testcase name="method2" time="0.0" classname="LearnMaven.L_Maven1.Test1"/>
  <testcase name="method3" time="0.0" classname="LearnMaven.L_Maven1.Test1"/>
</testsuite> <!-- Test -->
