<?xml version="1.0" encoding="UTF-8"?>
<testng-results skipped="0" failed="0" total="10" passed="10">
  <reporter-output>
  </reporter-output>
  <suite name="Suite" duration-ms="1252" started-at="2021-10-13T20:49:16Z" finished-at="2021-10-13T20:49:18Z">
    <groups>
    </groups>
    <test name="Test" duration-ms="1252" started-at="2021-10-13T20:49:16Z" finished-at="2021-10-13T20:49:18Z">
      <class name="LearnMaven.L_Maven1.KsTest">
        <test-method status="PASS" signature="config()[pri:0, instance:LearnMaven.L_Maven1.KsTest@724af044]" name="config" is-config="true" duration-ms="389" started-at="2021-10-13T20:49:16Z" finished-at="2021-10-13T20:49:17Z">
        </test-method> <!-- config -->
        <test-method status="PASS" signature="KTest()[pri:0, instance:LearnMaven.L_Maven1.KsTest@724af044]" name="KTest" duration-ms="639" started-at="2021-10-13T20:49:17Z" finished-at="2021-10-13T20:49:17Z">
        </test-method> <!-- KTest -->
      </class> <!-- LearnMaven.L_Maven1.KsTest -->
      <class name="LearnMaven.L_Maven1.Test1">
        <test-method status="PASS" signature="method1Test()[pri:0, instance:LearnMaven.L_Maven1.Test1@6767c1fc]" name="method1Test" duration-ms="2" started-at="2021-10-13T20:49:17Z" finished-at="2021-10-13T20:49:17Z">
        </test-method> <!-- method1Test -->
        <test-method status="PASS" signature="method2()[pri:0, instance:LearnMaven.L_Maven1.Test1@6767c1fc]" name="method2" duration-ms="10" started-at="2021-10-13T20:49:18Z" finished-at="2021-10-13T20:49:18Z">
        </test-method> <!-- method2 -->
        <test-method status="PASS" signature="method3()[pri:0, instance:LearnMaven.L_Maven1.Test1@6767c1fc]" name="method3" duration-ms="8" started-at="2021-10-13T20:49:18Z" finished-at="2021-10-13T20:49:18Z">
        </test-method> <!-- method3 -->
      </class> <!-- LearnMaven.L_Maven1.Test1 -->
      <class name="LearnMaven.L_Maven1.Test2">
        <test-method status="PASS" signature="method4()[pri:0, instance:LearnMaven.L_Maven1.Test2@29ee9faa]" name="method4" duration-ms="16" started-at="2021-10-13T20:49:17Z" finished-at="2021-10-13T20:49:17Z">
        </test-method> <!-- method4 -->
        <test-method status="PASS" signature="method5()[pri:0, instance:LearnMaven.L_Maven1.Test2@29ee9faa]" name="method5" duration-ms="0" started-at="2021-10-13T20:49:17Z" finished-at="2021-10-13T20:49:17Z">
        </test-method> <!-- method5 -->
        <test-method status="PASS" signature="method6()[pri:0, instance:LearnMaven.L_Maven1.Test2@29ee9faa]" name="method6" duration-ms="0" started-at="2021-10-13T20:49:17Z" finished-at="2021-10-13T20:49:17Z">
        </test-method> <!-- method6 -->
      </class> <!-- LearnMaven.L_Maven1.Test2 -->
      <class name="LearnMaven.L_Maven1.Test3">
        <test-method status="PASS" signature="method7()[pri:0, instance:LearnMaven.L_Maven1.Test3@4678c730]" name="method7" duration-ms="19" started-at="2021-10-13T20:49:17Z" finished-at="2021-10-13T20:49:17Z">
        </test-method> <!-- method7 -->
        <test-method status="PASS" signature="method8()[pri:0, instance:LearnMaven.L_Maven1.Test3@4678c730]" name="method8" duration-ms="0" started-at="2021-10-13T20:49:17Z" finished-at="2021-10-13T20:49:17Z">
        </test-method> <!-- method8 -->
        <test-method status="PASS" signature="method9()[pri:0, instance:LearnMaven.L_Maven1.Test3@4678c730]" name="method9" duration-ms="0" started-at="2021-10-13T20:49:17Z" finished-at="2021-10-13T20:49:17Z">
        </test-method> <!-- method9 -->
      </class> <!-- LearnMaven.L_Maven1.Test3 -->
    </test> <!-- Test -->
  </suite> <!-- Suite -->
</testng-results>
