<?xml version="1.0" encoding="UTF-8"?>
<testsuite xmlns:xsi="http://www.w3.org/2001/XMLSchema-instance" xsi:noNamespaceSchemaLocation="https://maven.apache.org/surefire/maven-surefire-plugin/xsd/surefire-test-report-3.0.xsd" version="3.0" name="TestSuite" time="1.203" tests="10" errors="0" skipped="0" failures="0">
  <properties>
[...]
</properties>
  <testcase name="KTest" classname="LearnMaven.L_Maven1.KsTest" time="0.131">
    <system-out><![CDATA[Extent Report test
]]></system-out>
  </testcase>
  <testcase name="method7" classname="LearnMaven.L_Maven1.Test3" time="0">
    <system-out><![CDATA[Chnaged Method 7 called
]]></system-out>
  </testcase>
  <testcase name="method8" classname="LearnMaven.L_Maven1.Test3" time="0">
    <system-out><![CDATA[Method 8 called
]]></system-out>
  </testcase>
  <testcase name="method9" classname="LearnMaven.L_Maven1.Test3" time="0">
    <system-out><![CDATA[Method 9 called
]]></system-out>
  </testcase>
  <testcase name="method4" classname="LearnMaven.L_Maven1.Test2" time="0">
    <system-out><![CDATA[Method 4 called
]]></system-out>
  </testcase>
  <testcase name="method5" classname="LearnMaven.L_Maven1.Test2" time="0">
    <system-out><![CDATA[Method 5 called
]]></system-out>
  </testcase>
  <testcase name="method6" classname="LearnMaven.L_Maven1.Test2" time="0">
    <system-out><![CDATA[Method 6 called
]]></system-out>
  </testcase>
  <testcase name="method1Test" classname="LearnMaven.L_Maven1.Test1" time="0">
    <system-out><![CDATA[Method 1 called
]]></system-out>
  </testcase>
  <testcase name="method2" classname="LearnMaven.L_Maven1.Test1" time="0">
    <system-out><![CDATA[Method 2 called
]]></system-out>
  </testcase>
  <testcase name="method3" classname="LearnMaven.L_Maven1.Test1" time="0">
    <system-out><![CDATA[Method 3 called
]]></system-out>
  </testcase>
</testsuite>