<?xml version="1.0" encoding="UTF-8"?>
<testng-results skipped="0" failed="0" ignored="0" total="10" passed="10">
  <reporter-output>
  </reporter-output>
  <suite name="Suite" duration-ms="354" started-at="2021-10-13T15:02:01Z" finished-at="2021-10-13T15:02:01Z">
    <groups>
    </groups>
    <test name="Test" duration-ms="354" started-at="2021-10-13T15:02:01Z" finished-at="2021-10-13T15:02:01Z">
      <class name="LearnMaven.L_Maven1.KsTest">
        <test-method status="PASS" signature="config()[pri:0, instance:LearnMaven.L_Maven1.KsTest@2a5ca609]" name="config" is-config="true" duration-ms="185" started-at="2021-10-13T15:02:01Z" finished-at="2021-10-13T15:02:01Z">
          <reporter-output>
          </reporter-output>
        </test-method> <!-- config -->
        <test-method status="PASS" signature="KTest()[pri:0, instance:LearnMaven.L_Maven1.KsTest@2a5ca609]" name="KTest" duration-ms="116" started-at="2021-10-13T15:02:01Z" finished-at="2021-10-13T15:02:01Z">
          <reporter-output>
          </reporter-output>
        </test-method> <!-- KTest -->
      </class> <!-- LearnMaven.L_Maven1.KsTest -->
      <class name="LearnMaven.L_Maven1.Test1">
        <test-method status="PASS" signature="method3()[pri:0, instance:LearnMaven.L_Maven1.Test1@28feb3fa]" name="method3" duration-ms="0" started-at="2021-10-13T15:02:01Z" finished-at="2021-10-13T15:02:01Z">
          <reporter-output>
          </reporter-output>
        </test-method> <!-- method3 -->
        <test-method status="PASS" signature="method2()[pri:0, instance:LearnMaven.L_Maven1.Test1@28feb3fa]" name="method2" duration-ms="0" started-at="2021-10-13T15:02:01Z" finished-at="2021-10-13T15:02:01Z">
          <reporter-output>
          </reporter-output>
        </test-method> <!-- method2 -->
        <test-method status="PASS" signature="method1Test()[pri:0, instance:LearnMaven.L_Maven1.Test1@28feb3fa]" name="method1Test" duration-ms="0" started-at="2021-10-13T15:02:01Z" finished-at="2021-10-13T15:02:01Z">
          <reporter-output>
          </reporter-output>
        </test-method> <!-- method1Test -->
      </class> <!-- LearnMaven.L_Maven1.Test1 -->
      <class name="LearnMaven.L_Maven1.Test2">
        <test-method status="PASS" signature="method6()[pri:0, instance:LearnMaven.L_Maven1.Test2@68be2bc2]" name="method6" duration-ms="0" started-at="2021-10-13T15:02:01Z" finished-at="2021-10-13T15:02:01Z">
          <reporter-output>
          </reporter-output>
        </test-method> <!-- method6 -->
        <test-method status="PASS" signature="method4()[pri:0, instance:LearnMaven.L_Maven1.Test2@68be2bc2]" name="method4" duration-ms="0" started-at="2021-10-13T15:02:01Z" finished-at="2021-10-13T15:02:01Z">
          <reporter-output>
          </reporter-output>
        </test-method> <!-- method4 -->
        <test-method status="PASS" signature="method5()[pri:0, instance:LearnMaven.L_Maven1.Test2@68be2bc2]" name="method5" duration-ms="0" started-at="2021-10-13T15:02:01Z" finished-at="2021-10-13T15:02:01Z">
          <reporter-output>
          </reporter-output>
        </test-method> <!-- method5 -->
      </class> <!-- LearnMaven.L_Maven1.Test2 -->
      <class name="LearnMaven.L_Maven1.Test3">
        <test-method status="PASS" signature="method9()[pri:0, instance:LearnMaven.L_Maven1.Test3@20e2cbe0]" name="method9" duration-ms="0" started-at="2021-10-13T15:02:01Z" finished-at="2021-10-13T15:02:01Z">
          <reporter-output>
          </reporter-output>
        </test-method> <!-- method9 -->
        <test-method status="PASS" signature="method8()[pri:0, instance:LearnMaven.L_Maven1.Test3@20e2cbe0]" name="method8" duration-ms="0" started-at="2021-10-13T15:02:01Z" finished-at="2021-10-13T15:02:01Z">
          <reporter-output>
          </reporter-output>
        </test-method> <!-- method8 -->
        <test-method status="PASS" signature="method7()[pri:0, instance:LearnMaven.L_Maven1.Test3@20e2cbe0]" name="method7" duration-ms="0" started-at="2021-10-13T15:02:01Z" finished-at="2021-10-13T15:02:01Z">
          <reporter-output>
          </reporter-output>
        </test-method> <!-- method7 -->
      </class> <!-- LearnMaven.L_Maven1.Test3 -->
    </test> <!-- Test -->
  </suite> <!-- Suite -->
</testng-results>
