<?xml version="1.0" encoding="UTF-8"?>
<!-- Generated by org.testng.reporters.JUnitXMLReporter -->
<testsuite hostname="DESKTOP-OKIH8JM" ignored="0" name="Command line test" tests="9" failures="0" timestamp="2021-10-10T11:55:35 IST" time="0.165" errors="0">
  <testcase name="method1" time="0.041" classname="LearnMaven.L_Maven1.Test1"/>
  <testcase name="method2" time="0.001" classname="LearnMaven.L_Maven1.Test1"/>
  <testcase name="method3" time="0.0" classname="LearnMaven.L_Maven1.Test1"/>
  <testcase name="method1" time="0.001" classname="LearnMaven.L_Maven1.Test2"/>
  <testcase name="method2" time="0.001" classname="LearnMaven.L_Maven1.Test2"/>
  <testcase name="method3" time="0.0" classname="LearnMaven.L_Maven1.Test2"/>
  <testcase name="method7" time="0.0" classname="LearnMaven.L_Maven1.Test3"/>
  <testcase name="method8" time="0.001" classname="LearnMaven.L_Maven1.Test3"/>
  <testcase name="method9" time="0.0" classname="LearnMaven.L_Maven1.Test3"/>
</testsuite> <!-- Command line test -->
